e:\repository\kfileedtitor\kfileedtitor\x64\debug\moc_kfileedtitor.obj
e:\repository\kfileedtitor\kfileedtitor\x64\debug\qrc_kfileedtitor.obj
e:\repository\kfileedtitor\kfileedtitor\x64\debug\vc143.pdb
e:\repository\kfileedtitor\kfileedtitor\x64\debug\vc140.pdb
e:\repository\kfileedtitor\kfileedtitor\x64\debug\viewer.obj
e:\repository\kfileedtitor\kfileedtitor\x64\debug\kfileedtitor.obj
e:\repository\kfileedtitor\kfileedtitor\x64\debug\data.obj
e:\repository\kfileedtitor\kfileedtitor\x64\debug\main.obj
e:\repository\kfileedtitor\kfileedtitor\x64\debug\displaywidget.obj
e:\repository\kfileedtitor\kfileedtitor\x64\debug\treewidget.obj
e:\repository\kfileedtitor\kfileedtitor\x64\debug\moc_displaywidget.obj
e:\repository\kfileedtitor\kfileedtitor\x64\debug\moc_treewidget.obj
e:\repository\kfileedtitor\kfileedtitor\x64\debug\readwrite.obj
e:\repository\kfileedtitor\kfileedtitor\x64\debug\uic\ui_kfileedtitor.h
e:\repository\kfileedtitor\kfileedtitor\x64\debug\rcc\qrc_kfileedtitor.cpp
e:\repository\kfileedtitor\kfileedtitor\x64\debug\moc\moc_kfileedtitor.cpp
e:\repository\kfileedtitor\kfileedtitor\x64\debug\uic\ui_treewidget.h
e:\repository\kfileedtitor\kfileedtitor\x64\debug\moc\moc_treewidget.cpp
e:\repository\kfileedtitor\kfileedtitor\x64\debug\uic\ui_displaywidget.h
e:\repository\kfileedtitor\kfileedtitor\x64\debug\moc\moc_displaywidget.cpp
e:\repository\kfileedtitor\x64\debug\kfileedtitor.ilk
e:\repository\kfileedtitor\x64\debug\kfileedtitor.exe
e:\repository\kfileedtitor\x64\debug\kfileedtitor.pdb
e:\repository\kfileedtitor\kfileedtitor\x64\debug\kfileedtitor.tlog\cl.command.1.tlog
e:\repository\kfileedtitor\kfileedtitor\x64\debug\kfileedtitor.tlog\cl.read.1.tlog
e:\repository\kfileedtitor\kfileedtitor\x64\debug\kfileedtitor.tlog\cl.write.1.tlog
e:\repository\kfileedtitor\kfileedtitor\x64\debug\kfileedtitor.tlog\kfileedtitor.write.1u.tlog
e:\repository\kfileedtitor\kfileedtitor\x64\debug\kfileedtitor.tlog\link.15508.delete.1.tlog
e:\repository\kfileedtitor\kfileedtitor\x64\debug\kfileedtitor.tlog\link.17228.delete.1.tlog
e:\repository\kfileedtitor\kfileedtitor\x64\debug\kfileedtitor.tlog\link.17436.delete.1.tlog
e:\repository\kfileedtitor\kfileedtitor\x64\debug\kfileedtitor.tlog\link.21156.delete.1.tlog
e:\repository\kfileedtitor\kfileedtitor\x64\debug\kfileedtitor.tlog\link.4824.delete.1.tlog
e:\repository\kfileedtitor\kfileedtitor\x64\debug\kfileedtitor.tlog\link.4936.delete.1.tlog
e:\repository\kfileedtitor\kfileedtitor\x64\debug\kfileedtitor.tlog\link.8312.delete.1.tlog
e:\repository\kfileedtitor\kfileedtitor\x64\debug\kfileedtitor.tlog\link.8824.delete.1.tlog
e:\repository\kfileedtitor\kfileedtitor\x64\debug\kfileedtitor.tlog\link.command.1.tlog
e:\repository\kfileedtitor\kfileedtitor\x64\debug\kfileedtitor.tlog\link.delete.1.tlog
e:\repository\kfileedtitor\kfileedtitor\x64\debug\kfileedtitor.tlog\link.read.1.tlog
e:\repository\kfileedtitor\kfileedtitor\x64\debug\kfileedtitor.tlog\link.write.1.tlog
e:\repository\kfileedtitor\kfileedtitor\x64\debug\kfileedtitor.tlog\moc.read.1u.tlog
e:\repository\kfileedtitor\kfileedtitor\x64\debug\kfileedtitor.tlog\moc.write.1u.tlog
e:\repository\kfileedtitor\kfileedtitor\x64\debug\kfileedtitor.tlog\rcc.read.1u.tlog
e:\repository\kfileedtitor\kfileedtitor\x64\debug\kfileedtitor.tlog\rcc.write.1u.tlog
e:\repository\kfileedtitor\kfileedtitor\x64\debug\kfileedtitor.tlog\uic.read.1u.tlog
e:\repository\kfileedtitor\kfileedtitor\x64\debug\kfileedtitor.tlog\uic.write.1u.tlog
